2025-02-16 00:48:35,859 - INFO - Starting expense import from /home/ye/sis/cash/exportcash/BcK Uscite cassa.xlsx
2025-02-16 00:48:35,882 - INFO - Cashier ensured: C_SCO
2025-02-16 00:48:35,893 - INFO - Expense 01AB8172-EC29-8D45-AA03-806E8DE6603B imported successfully.
2025-02-16 00:48:35,902 - INFO - Expense 024D1CA8-521C-FA4D-96B2-A6F65597BCCF imported successfully.
2025-02-16 00:48:35,911 - INFO - Expense 03564348-6422-2A48-B2FE-96FAFD2EDAB8 imported successfully.
2025-02-16 00:48:35,920 - INFO - Expense 069FDE58-39DD-C242-B2E8-87298B039E55 imported successfully.
2025-02-16 00:48:35,930 - INFO - Expense 08527D2B-34BE-244A-A887-59CE205F0145 imported successfully.
2025-02-16 00:48:35,938 - INFO - Expense 08C5196F-3312-8843-8AF0-E4C454A833CA imported successfully.
2025-02-16 00:48:35,947 - INFO - Expense 098C1B85-2231-BA4D-8561-DDDC5A057CAD imported successfully.
2025-02-16 00:48:35,956 - INFO - Expense 0C4E352D-1FF3-0146-B71E-5FD869DEF739 imported successfully.
2025-02-16 00:48:35,964 - INFO - Expense 0C4FF0B3-4DBE-8043-BAD1-0D22F3B74F93 imported successfully.
2025-02-16 00:48:35,973 - INFO - Expense 0CF72174-BB00-AD46-A79F-6DDBE9511CCA imported successfully.
2025-02-16 00:48:35,981 - INFO - Expense 0D299D3A-15D5-8C4D-B932-906F675882AF imported successfully.
2025-02-16 00:48:35,990 - INFO - Expense 0DDAA372-562C-DD48-84AE-77E1D6D7F7E6 imported successfully.
2025-02-16 00:48:35,998 - INFO - Expense 0F0C8331-3C41-584F-B8E5-FAC3D50B48D2 imported successfully.
2025-02-16 00:48:36,007 - INFO - Expense 112E2799-7728-1241-B2CF-9F5C620C9F7D imported successfully.
2025-02-16 00:48:36,015 - INFO - Expense 11463843-F39F-7240-AC14-F36705C5BCAF imported successfully.
2025-02-16 00:48:36,024 - INFO - Expense 14F3DF21-58B8-2743-B77B-48441D88DFD3 imported successfully.
2025-02-16 00:48:36,033 - INFO - Expense 155AAA43-A206-3746-988D-8F295A0D6D49 imported successfully.
2025-02-16 00:48:36,042 - INFO - Expense 1777E02E-6D36-C945-B08B-B45D8B456909 imported successfully.
2025-02-16 00:48:36,050 - INFO - Expense 1AEACEFD-78D8-EB41-BDC9-A77CB09669C8 imported successfully.
2025-02-16 00:48:36,059 - INFO - Expense 22D22576-EE65-0D43-B72A-1044D118A4B9 imported successfully.
2025-02-16 00:48:36,068 - INFO - Expense 245AB76C-241D-204B-B995-388F5CB6D95C imported successfully.
2025-02-16 00:48:36,078 - INFO - Expense 2483CEE6-89C6-804D-B6D5-11B55DCC0EE4 imported successfully.
2025-02-16 00:48:36,086 - INFO - Expense 270FE28F-5F43-084E-9BE5-FB1A2ACF8663 imported successfully.
2025-02-16 00:48:36,096 - INFO - Expense 278697A3-CE84-8E4B-9EAD-7C6D2A3F7832 imported successfully.
2025-02-16 00:48:36,105 - INFO - Expense 295FFE62-9293-5147-A562-8CB6D01DD949 imported successfully.
2025-02-16 00:48:36,114 - INFO - Expense 2A92A022-D8A6-D643-B1BB-A2B5AC617A31 imported successfully.
2025-02-16 00:48:36,124 - INFO - Expense 2DBBC101-4038-FC45-84AB-F04CBE96F8D8 imported successfully.
2025-02-16 00:48:36,133 - INFO - Expense 2F574977-2072-0F4B-A204-11C30F3FAA6D imported successfully.
2025-02-16 00:48:36,141 - INFO - Expense 32017311-A465-644B-BA05-71C15830302D imported successfully.
2025-02-16 00:48:36,150 - INFO - Expense 33CDFE2E-48FB-6A4A-B2E1-CDE2360D012E imported successfully.
2025-02-16 00:48:36,158 - INFO - Expense 35938E81-BD53-CA42-B177-8E1BC45C1ABB imported successfully.
2025-02-16 00:48:36,168 - INFO - Expense 35B29A18-0A70-A945-9413-9162ADF473EF imported successfully.
2025-02-16 00:48:36,177 - INFO - Expense 36337614-33FC-0F4E-B13C-F4B344675433 imported successfully.
2025-02-16 00:48:36,186 - INFO - Expense 3638BE16-2912-B644-91D7-97C49B75A615 imported successfully.
2025-02-16 00:48:36,195 - INFO - Expense 37BCCA78-D5B3-4848-A014-3120C87B658A imported successfully.
2025-02-16 00:48:36,206 - INFO - Expense 3C7710C8-97FB-324A-9EB1-1DB6F730C319 imported successfully.
2025-02-16 00:48:36,217 - INFO - Expense 3C90DEB4-9DBD-DF47-8067-0C5A11B50E6A imported successfully.
2025-02-16 00:48:36,227 - INFO - Expense 3F282625-8997-3A4B-9597-7F6E613610C2 imported successfully.
2025-02-16 00:48:36,237 - INFO - Expense 408F2E7C-2A0B-B642-998E-ABA063C8C89C imported successfully.
2025-02-16 00:48:36,247 - INFO - Expense 410F8518-2567-7A41-9F77-E489CEE4FD0B imported successfully.
2025-02-16 00:48:36,257 - INFO - Expense 4163C573-97F5-8541-91DD-CE52D6D825F1 imported successfully.
2025-02-16 00:48:36,266 - INFO - Expense 4294070F-4A0F-AF4D-98C0-FA9F4A44E4B1 imported successfully.
2025-02-16 00:48:36,275 - INFO - Expense 43E33B61-3355-9B45-9215-3D31175BB08C imported successfully.
2025-02-16 00:48:36,283 - INFO - Expense 44B1E410-AB00-8E4F-8832-F9D10AC77714 imported successfully.
2025-02-16 00:48:36,292 - INFO - Expense 47E3585D-18E0-4E41-B7D0-48A0705D8038 imported successfully.
2025-02-16 00:48:36,306 - INFO - Expense 47F02548-9DEF-BC4F-899C-6E0EF6820E52 imported successfully.
2025-02-16 00:48:36,316 - INFO - Expense 481F8F86-8C8F-C544-825B-AFEF306DCABC imported successfully.
2025-02-16 00:48:36,328 - INFO - Expense 4A2E27C0-13D8-EB4D-AC4E-31AA4DCBDC7A imported successfully.
2025-02-16 00:48:36,344 - INFO - Expense 4A823B59-510F-6946-A012-EDA64BBF7642 imported successfully.
2025-02-16 00:48:36,353 - INFO - Expense 4AFF2941-E397-4641-954D-3B2A2F41EDA6 imported successfully.
2025-02-16 00:48:36,362 - INFO - Expense 4B929537-7EFC-A047-9009-579BD5CAC4E6 imported successfully.
2025-02-16 00:48:36,370 - INFO - Expense 4C5E41DC-C6E5-3A4B-8388-52058E6C7C4C imported successfully.
2025-02-16 00:48:36,379 - INFO - Expense 4E78BFF2-1189-F947-BBC9-BD292372FE95 imported successfully.
2025-02-16 00:48:36,388 - INFO - Expense 522009CC-F7F3-F24C-B276-FA7A3C774087 imported successfully.
2025-02-16 00:48:36,396 - INFO - Expense 52907D2A-DEAA-7E4A-84CB-C6317574654F imported successfully.
2025-02-16 00:48:36,405 - INFO - Expense 53609802-9AAB-434F-9018-D5DBD1A3A3EA imported successfully.
2025-02-16 00:48:36,414 - INFO - Expense 54574D76-A418-0D49-B137-41FA531C8AF2 imported successfully.
2025-02-16 00:48:36,423 - INFO - Expense 557FE422-C351-2C4E-BACA-1D4A178F3CE1 imported successfully.
2025-02-16 00:48:36,432 - INFO - Expense 56A703D8-3B01-9040-BBF0-04D8D2A31CBD imported successfully.
2025-02-16 00:48:36,441 - INFO - Expense 5837BF2F-72FD-AB49-9CCF-4650818C31F6 imported successfully.
2025-02-16 00:48:36,449 - INFO - Expense 59558413-0546-114A-95BF-287DFF36DDFD imported successfully.
2025-02-16 00:48:36,459 - INFO - Expense 59F3BD70-CDF5-6342-BEDD-80707BE20DAB imported successfully.
2025-02-16 00:48:36,467 - INFO - Expense 602CF3E8-4844-C649-B874-71034617F624 imported successfully.
2025-02-16 00:48:36,476 - INFO - Expense 619F7AFA-0AF9-6A42-96B4-2CCF1E69B4B9 imported successfully.
2025-02-16 00:48:36,485 - INFO - Expense 633D4BA0-04A1-7348-A2AE-95A66C83C24B imported successfully.
2025-02-16 00:48:36,495 - INFO - Expense 6607E2EA-11E8-824F-8904-1A0EC9EBADA8 imported successfully.
2025-02-16 00:48:36,504 - INFO - Expense 670823DA-EA5C-184C-BD20-5C2F0FC7A67B imported successfully.
2025-02-16 00:48:36,513 - INFO - Expense 67850A6B-6B86-B04E-B422-EDBD54DBB40D imported successfully.
2025-02-16 00:48:36,522 - INFO - Expense 678CBAFD-F676-6C46-AEF1-8B28353EC49C imported successfully.
2025-02-16 00:48:36,531 - INFO - Expense 684A86AA-05CF-4D4F-9E1D-2BE39B4729C0 imported successfully.
2025-02-16 00:48:36,540 - INFO - Expense 69323329-9668-CB4F-8E6E-91BA75358BDC imported successfully.
2025-02-16 00:48:36,548 - INFO - Expense 69ED3D60-97F2-E840-B3A6-B66F5CC0781C imported successfully.
2025-02-16 00:48:36,557 - INFO - Expense 6BE1FCA1-8774-0142-BBAC-39815D15EA7F imported successfully.
2025-02-16 00:48:36,566 - INFO - Expense 6C811A60-C69F-A54D-B990-44FB5FEE891E imported successfully.
2025-02-16 00:48:36,575 - INFO - Expense 707DF40E-F824-9C4F-B036-0905CF0A66EA imported successfully.
2025-02-16 00:48:36,584 - INFO - Expense 70E30A0A-5341-1244-94F8-679B1DC314B8 imported successfully.
2025-02-16 00:48:36,593 - INFO - Expense 736FA58F-0361-0C4F-A68B-0210E9294167 imported successfully.
2025-02-16 00:48:36,602 - INFO - Expense 740D1EDE-2FBB-B744-BAD3-FCB53F8FEB75 imported successfully.
2025-02-16 00:48:36,611 - INFO - Expense 77B8EE0B-93AC-8F4E-ABB7-03D6548FB002 imported successfully.
2025-02-16 00:48:36,620 - INFO - Expense 77F323A1-B4D2-5540-A579-ED5859C0E3B3 imported successfully.
2025-02-16 00:48:36,628 - INFO - Expense 78AC9E3B-1BCF-434B-93D7-AD4C1D4FA4D0 imported successfully.
2025-02-16 00:48:36,636 - INFO - Expense 78AEE1BC-F961-934D-964B-00965C8F53D6 imported successfully.
2025-02-16 00:48:36,645 - INFO - Expense 7AEC6398-997A-494E-9E7F-40B879F027D0 imported successfully.
2025-02-16 00:48:36,654 - INFO - Expense 7B964F2F-21E7-5C45-9E94-7C1A7AA7E03D imported successfully.
2025-02-16 00:48:36,662 - INFO - Expense 7C427FDF-CE85-AD45-A1A3-6E3D9D596F1F imported successfully.
2025-02-16 00:48:36,671 - INFO - Expense 7DC7A86A-9F1F-A540-8ED7-2B556BAC5151 imported successfully.
2025-02-16 00:48:36,679 - INFO - Expense 7E7EA710-298A-C942-87C5-D53C1E5AC82F imported successfully.
2025-02-16 00:48:36,688 - INFO - Expense 7F5ADF04-4CBA-9246-8498-16361FB5CA0A imported successfully.
2025-02-16 00:48:36,697 - INFO - Expense 7F7B30A0-0885-1145-A49E-AB8E17C7DA5C imported successfully.
2025-02-16 00:48:36,705 - INFO - Expense 82BCDA29-D49C-0D43-B73A-18E0F211FF31 imported successfully.
2025-02-16 00:48:36,713 - INFO - Expense 8573A79F-CE31-054F-B57A-3037D95E95D7 imported successfully.
2025-02-16 00:48:36,721 - INFO - Expense 862B2853-FD8A-6341-A566-353941D19551 imported successfully.
2025-02-16 00:48:36,730 - INFO - Expense 866BD0D7-196D-C740-9AE9-3D0EC9A9A860 imported successfully.
2025-02-16 00:48:36,738 - INFO - Expense 8748F00C-3768-F84A-A294-37BD517B561A imported successfully.
2025-02-16 00:48:36,747 - INFO - Expense 88190268-FB6F-9740-9865-F63F9E616EE9 imported successfully.
2025-02-16 00:48:36,756 - INFO - Expense 8A408D39-6169-9148-A5DA-36220DF7DFDB imported successfully.
2025-02-16 00:48:36,765 - INFO - Expense 8ACFA700-B0A4-1048-90E7-BEC37B8B05E1 imported successfully.
2025-02-16 00:48:36,773 - INFO - Expense 8C3A4ED1-AB53-E940-BD6B-444B30B0B887 imported successfully.
2025-02-16 00:48:36,781 - INFO - Expense 8F1BF1B0-9C7D-D94B-8508-BF119CD7F1CB imported successfully.
2025-02-16 00:48:36,790 - INFO - Expense 9466131B-BE3F-6545-A3DE-E89C0F5CE712 imported successfully.
2025-02-16 00:48:36,798 - INFO - Expense 957B9124-B0CD-CF4F-8A5E-3FF081B876E4 imported successfully.
2025-02-16 00:48:36,807 - INFO - Expense 957D5969-3F63-7D46-ADFA-590446639F58 imported successfully.
2025-02-16 00:48:36,815 - INFO - Expense 96040AE5-6B9B-D648-A6F8-559DD44A439A imported successfully.
2025-02-16 00:48:36,823 - INFO - Expense 9715E209-472A-B647-B71D-8CFA6ECACA57 imported successfully.
2025-02-16 00:48:36,832 - INFO - Expense 977A2D79-E1F4-C24E-87AB-71FAD3CC922C imported successfully.
2025-02-16 00:48:36,840 - INFO - Expense 98635969-9F5B-FE41-BC4C-ED3E1D70DD17 imported successfully.
2025-02-16 00:48:36,848 - INFO - Expense 992635BE-59F6-2346-BE81-C44A08DCCCB7 imported successfully.
2025-02-16 00:48:36,856 - INFO - Expense 99F863B0-CB01-3248-9587-13802A83E32B imported successfully.
2025-02-16 00:48:36,865 - INFO - Expense 9A183926-1DB3-6146-813E-CE1C101DCBC6 imported successfully.
2025-02-16 00:48:36,873 - INFO - Expense 9A66A754-DD83-7942-A36A-4B364A704450 imported successfully.
2025-02-16 00:48:36,881 - INFO - Expense 9B0A2DCC-65E1-5542-B48F-37082CEF6C7B imported successfully.
2025-02-16 00:48:36,890 - INFO - Expense 9C89A946-7575-B744-B940-DE36483A6C80 imported successfully.
2025-02-16 00:48:36,898 - INFO - Expense 9C997F29-5C87-B74D-8C43-1682F8F6DAEC imported successfully.
2025-02-16 00:48:36,908 - INFO - Expense 9DAA1E59-7C7F-3E40-988D-11C43E7347C7 imported successfully.
2025-02-16 00:48:36,916 - INFO - Expense 9DDAF32D-03B9-DE4E-BE46-E04C0AA44358 imported successfully.
2025-02-16 00:48:36,925 - INFO - Expense A5021846-DCCC-FF45-B093-079FF9F7D258 imported successfully.
2025-02-16 00:48:36,934 - INFO - Expense A57C325D-1B68-5847-8090-B144BEF54F4B imported successfully.
2025-02-16 00:48:36,943 - INFO - Expense A5B59944-5800-9B4E-BF31-E73847366082 imported successfully.
2025-02-16 00:48:36,952 - INFO - Expense A963415B-75D0-274F-A26B-8993A3D723BB imported successfully.
2025-02-16 00:48:36,962 - INFO - Expense AB75F1CC-2D88-9A42-9AFC-2D57D6D253FB imported successfully.
2025-02-16 00:48:36,970 - INFO - Expense ABDB884A-592F-4546-9537-BF7F059B0909 imported successfully.
2025-02-16 00:48:36,979 - INFO - Expense ACC3D841-09D3-4449-9548-F42C6A7E974E imported successfully.
2025-02-16 00:48:36,988 - INFO - Expense AD42CFA5-6616-AC40-B6A1-0AB80BD40388 imported successfully.
2025-02-16 00:48:36,996 - INFO - Expense AE90CB8D-027D-2C4E-AADC-CFD4C3D25687 imported successfully.
2025-02-16 00:48:37,005 - INFO - Expense AF585040-F10C-2949-AB70-390ACB7761F6 imported successfully.
2025-02-16 00:48:37,014 - INFO - Expense B1DAFDC1-4E23-7B4A-B462-E85EB9062434 imported successfully.
2025-02-16 00:48:37,024 - INFO - Expense B2765F0C-E488-B54F-AD6C-834776207ECF imported successfully.
2025-02-16 00:48:37,032 - INFO - Expense B797D07B-6744-514B-A835-26FE00D348DC imported successfully.
2025-02-16 00:48:37,041 - INFO - Expense BC1D7788-34CA-DE48-95DB-A2C3D3E60E24 imported successfully.
2025-02-16 00:48:37,049 - INFO - Expense BCCE11C1-E615-0246-9772-E4B82CD9BD1D imported successfully.
2025-02-16 00:48:37,059 - INFO - Expense BCD53AC7-DFAB-7244-97CD-658CE0EF9408 imported successfully.
2025-02-16 00:48:37,067 - INFO - Expense BDD53EAA-B328-BA45-8A71-49A9CC7910BA imported successfully.
2025-02-16 00:48:37,076 - INFO - Expense BF562096-221B-5944-8405-0CA792576D82 imported successfully.
2025-02-16 00:48:37,084 - INFO - Expense C0581E32-01B0-9941-893B-70FC9BA67B78 imported successfully.
2025-02-16 00:48:37,092 - INFO - Expense C2EC1A9E-C292-8440-8B03-B80B365BC16F imported successfully.
2025-02-16 00:48:37,101 - INFO - Expense C49077D5-8847-9D44-9164-40487BBD2295 imported successfully.
2025-02-16 00:48:37,111 - INFO - Expense C65C69A5-6FDE-9044-B2B1-1AEA8B547B13 imported successfully.
2025-02-16 00:48:37,121 - INFO - Expense C847250C-04E9-2440-98CF-8829D03FA11B imported successfully.
2025-02-16 00:48:37,130 - INFO - Expense C8A49377-C73A-0144-9A75-2FAF324A49AF imported successfully.
2025-02-16 00:48:37,138 - INFO - Expense CADCB479-2737-944D-9AFD-061BF3FE6A39 imported successfully.
2025-02-16 00:48:37,147 - INFO - Expense CAFF30EC-F262-2845-BC84-E54545194954 imported successfully.
2025-02-16 00:48:37,155 - INFO - Expense CCCEB328-DA31-0F45-B2D3-144DD062C9BE imported successfully.
2025-02-16 00:48:37,163 - INFO - Expense CE2E9722-BF89-734E-9004-DA9BEBD4F26C imported successfully.
2025-02-16 00:48:37,171 - INFO - Expense CE94CC2A-AC2C-4541-86B6-6E0C06681239 imported successfully.
2025-02-16 00:48:37,179 - INFO - Expense CEB71CD6-C00C-F847-BC7E-0E4F4EBE94E1 imported successfully.
2025-02-16 00:48:37,187 - INFO - Expense CFB20345-0905-A740-B13D-C8177EEBCEF3 imported successfully.
2025-02-16 00:48:37,196 - INFO - Expense D010E58B-2438-084D-AFBC-A5CE67354201 imported successfully.
2025-02-16 00:48:37,205 - INFO - Expense D3E75510-0CF3-0640-B404-7ED1C2A6DE28 imported successfully.
2025-02-16 00:48:37,213 - INFO - Expense D503CE9B-A6AE-C146-BB73-B553C0476DB6 imported successfully.
2025-02-16 00:48:37,222 - INFO - Expense D8FEEAB4-CC6D-4C40-9CD8-4CFDEF686AC0 imported successfully.
2025-02-16 00:48:37,231 - INFO - Expense D96CD977-340F-CE46-A77D-B060D6264D97 imported successfully.
2025-02-16 00:48:37,239 - INFO - Expense DB290924-1E50-CA47-B1CC-D353644D7C02 imported successfully.
2025-02-16 00:48:37,247 - INFO - Expense DF4C7223-44D3-8D49-90AC-09D8A31A1903 imported successfully.
2025-02-16 00:48:37,256 - INFO - Expense E2C4DA1D-4BD3-2246-ADCA-F103507782F4 imported successfully.
2025-02-16 00:48:37,265 - INFO - Expense E60B563E-952C-DB46-8AF1-7FAA85EA59C9 imported successfully.
2025-02-16 00:48:37,274 - INFO - Expense E8BC26FA-B9A2-8F4C-9CAD-367AD9FA8CB6 imported successfully.
2025-02-16 00:48:37,283 - INFO - Expense EA27BED0-813A-C44E-B7E7-1667F28B7F23 imported successfully.
2025-02-16 00:48:37,293 - INFO - Expense EB96CCA8-2715-0249-83B7-7F479923A016 imported successfully.
2025-02-16 00:48:37,302 - INFO - Expense F1131D65-2A2C-E84E-A5DB-884DFC7C706F imported successfully.
2025-02-16 00:48:37,311 - INFO - Expense F560B9DC-7943-3947-8567-4A04C73EDC20 imported successfully.
2025-02-16 00:48:37,320 - INFO - Expense F80B6DA8-4DFD-D342-9640-412A20C8D63D imported successfully.
2025-02-16 00:48:37,329 - INFO - Expense F954CECF-7399-204D-BDA3-539954684EF2 imported successfully.
2025-02-16 00:48:37,337 - INFO - Expense FA47F721-4E3A-064E-B613-D0DAF5DCF7A1 imported successfully.
2025-02-16 00:48:37,346 - INFO - Expense FA8F4599-2861-D04B-B3FB-857E7A80C9CB imported successfully.
2025-02-16 00:48:37,354 - INFO - Expense FB5B9919-0AF0-1C43-B14F-41F747DC46D9 imported successfully.
2025-02-16 00:48:37,363 - INFO - Expense FC531049-3E5A-2A4D-BF18-AD725AA709AA imported successfully.
2025-02-16 00:48:37,372 - INFO - Expense FD6C5B49-4C8C-2145-AF77-37E4EADEB70C imported successfully.
2025-02-16 00:48:37,381 - INFO - Expense FF2302CE-F892-1F4C-A194-870C7D96A921 imported successfully.
2025-02-16 00:48:37,381 - INFO - Expense import completed.
