2025-02-14 21:40:58,906 - INFO - Creating Classes...
2025-02-14 21:40:58,921 - INFO - Created Classe: 6me-TBD
2025-02-14 21:40:58,934 - INFO - Created Classe: 5me-TBD
2025-02-14 21:40:58,948 - INFO - Created Classe: 4me-TBD
2025-02-14 21:40:58,961 - INFO - Created Classe: 3me-TBD
2025-02-14 21:40:58,975 - INFO - Created Classe: 2me-TBD
2025-02-14 21:40:58,989 - INFO - Created Classe: 1ere-TBD
2025-02-14 21:40:59,003 - INFO - Created Classe: Term-TBD
2025-02-14 21:40:59,016 - INFO - Created Classe: PS-Nas_Mat
2025-02-14 21:40:59,031 - INFO - Created Classe: MS-Nas_Mat
2025-02-14 21:40:59,045 - INFO - Created Classe: GS-Nas_Mat
2025-02-14 21:40:59,059 - INFO - Created Classe: CP1-Nas_Pri
2025-02-14 21:40:59,074 - INFO - Created Classe: CP2-Nas_Pri
2025-02-14 21:40:59,089 - INFO - Created Classe: CE1-Nas_Pri
2025-02-14 21:40:59,103 - INFO - Created Classe: CE2-Nas_Pri
2025-02-14 21:40:59,117 - INFO - Created Classe: CM1-Nas_Pri
2025-02-14 21:40:59,131 - INFO - Created Classe: CM2-Nas_Pri
2025-02-14 21:40:59,145 - INFO - Created Classe: 6me-LMS
2025-02-14 21:40:59,159 - INFO - Created Classe: 5me-LMS
2025-02-14 21:40:59,173 - INFO - Created Classe: 4me-LMS
2025-02-14 21:40:59,188 - INFO - Created Classe: 3me-LMS
2025-02-14 21:40:59,202 - INFO - Created Classe: 2me-LMS
2025-02-14 21:40:59,216 - INFO - Created Classe: 1ere-LMS
2025-02-14 21:40:59,230 - INFO - Created Classe: Term-LMS
2025-02-14 21:40:59,243 - INFO - Created Classe: 6me-WLM
2025-02-14 21:40:59,256 - INFO - Created Classe: 5me-WLM
2025-02-14 21:40:59,270 - INFO - Created Classe: 4me-WLM
2025-02-14 21:40:59,283 - INFO - Created Classe: 3me-WLM
2025-02-14 21:40:59,296 - INFO - Created Classe: 2me-WLM
2025-02-14 21:40:59,308 - INFO - Created Classe: 1ere-WLM
2025-02-14 21:40:59,322 - INFO - Created Classe: Term-WLM
2025-02-14 21:40:59,335 - INFO - Created Classe: 6me-LPMSBD
2025-02-14 21:40:59,348 - INFO - Created Classe: 5me-LPMSBD
2025-02-14 21:40:59,361 - INFO - Created Classe: 4me-LPMSBD
2025-02-14 21:40:59,374 - INFO - Created Classe: 3me-LPMSBD
2025-02-14 21:40:59,387 - INFO - Created Classe: 2me-LPMSBD
2025-02-14 21:40:59,401 - INFO - Created Classe: 1ere-LPMSBD
2025-02-14 21:40:59,414 - INFO - Created Classe: Term-LPMSBD
2025-02-14 21:40:59,427 - INFO - Created Classe: 6me-WP
2025-02-14 21:40:59,440 - INFO - Created Classe: 5me-WP
2025-02-14 21:40:59,455 - INFO - Created Classe: 4me-WP
2025-02-14 21:40:59,471 - INFO - Created Classe: 3me-WP
2025-02-14 21:40:59,484 - INFO - Created Classe: 2me-WP
2025-02-14 21:40:59,497 - INFO - Created Classe: 1ere-WP
2025-02-14 21:40:59,510 - INFO - Created Classe: Term-WP
2025-02-14 21:40:59,522 - INFO - Created Classe: CP1-EPCELP
2025-02-14 21:40:59,534 - INFO - Created Classe: CP2-EPCELP
2025-02-14 21:40:59,547 - INFO - Created Classe: CE1-EPCELP
2025-02-14 21:40:59,560 - INFO - Created Classe: CE2-EPCELP
2025-02-14 21:40:59,574 - INFO - Created Classe: CM1-EPCELP
2025-02-14 21:40:59,587 - INFO - Created Classe: CM2-EPCELP
2025-02-14 21:40:59,601 - INFO - Created Classe: CP1-EPPLE
2025-02-14 21:40:59,615 - INFO - Created Classe: CP2-EPPLE
2025-02-14 21:40:59,628 - INFO - Created Classe: CE1-EPPLE
2025-02-14 21:40:59,642 - INFO - Created Classe: CE2-EPPLE
2025-02-14 21:40:59,655 - INFO - Created Classe: CM1-EPPLE
2025-02-14 21:40:59,670 - INFO - Created Classe: CM2-EPPLE
2025-02-14 21:40:59,683 - INFO - Created Classe: CP1-YAMT
2025-02-14 21:40:59,696 - INFO - Created Classe: CP2-YAMT
2025-02-14 21:40:59,709 - INFO - Created Classe: CE1-YAMT
2025-02-14 21:40:59,722 - INFO - Created Classe: CE2-YAMT
2025-02-14 21:40:59,734 - INFO - Created Classe: CM1-YAMT
2025-02-14 21:40:59,746 - INFO - Created Classe: CM2-YAMT
2025-02-14 21:40:59,757 - INFO - Created Classe: CP1-LSB
2025-02-14 21:40:59,771 - INFO - Created Classe: CP2-LSB
2025-02-14 21:40:59,786 - INFO - Created Classe: CE1-LSB
2025-02-14 21:40:59,798 - INFO - Created Classe: CE2-LSB
2025-02-14 21:40:59,812 - INFO - Created Classe: CM1-LSB
2025-02-14 21:40:59,826 - INFO - Created Classe: CM2-LSB
2025-02-14 23:37:11,887 - INFO - Creating Classes...
2025-02-14 23:37:11,902 - INFO - Created Classe: 6me-TBD
2025-02-14 23:37:11,915 - INFO - Created Classe: 5me-TBD
2025-02-14 23:37:11,929 - INFO - Created Classe: 4me-TBD
2025-02-14 23:37:11,943 - INFO - Created Classe: 3me-TBD
2025-02-14 23:37:11,956 - INFO - Created Classe: 2me-TBD
2025-02-14 23:37:11,969 - INFO - Created Classe: 1ere-TBD
2025-02-14 23:37:11,982 - INFO - Created Classe: Term-TBD
2025-02-14 23:37:11,995 - INFO - Created Classe: PS-Nas_Mat
2025-02-14 23:37:12,009 - INFO - Created Classe: MS-Nas_Mat
2025-02-14 23:37:12,021 - INFO - Created Classe: GS-Nas_Mat
2025-02-14 23:37:12,034 - INFO - Created Classe: CP1-Nas_Pri
2025-02-14 23:37:12,046 - INFO - Created Classe: CP2-Nas_Pri
2025-02-14 23:37:12,060 - INFO - Created Classe: CE1-Nas_Pri
2025-02-14 23:37:12,074 - INFO - Created Classe: CE2-Nas_Pri
2025-02-14 23:37:12,088 - INFO - Created Classe: CM1-Nas_Pri
2025-02-14 23:37:12,102 - INFO - Created Classe: CM2-Nas_Pri
2025-02-14 23:37:12,118 - INFO - Created Classe: 6me-LMS
2025-02-14 23:37:12,132 - INFO - Created Classe: 5me-LMS
2025-02-14 23:37:12,149 - INFO - Created Classe: 4me-LMS
2025-02-14 23:37:12,165 - INFO - Created Classe: 3me-LMS
2025-02-14 23:37:12,180 - INFO - Created Classe: 2me-LMS
2025-02-14 23:37:12,193 - INFO - Created Classe: 1ere-LMS
2025-02-14 23:37:12,207 - INFO - Created Classe: Term-LMS
2025-02-14 23:37:12,221 - INFO - Created Classe: 6me-WLM
2025-02-14 23:37:12,236 - INFO - Created Classe: 5me-WLM
2025-02-14 23:37:12,251 - INFO - Created Classe: 4me-WLM
2025-02-14 23:37:12,266 - INFO - Created Classe: 3me-WLM
2025-02-14 23:37:12,282 - INFO - Created Classe: 2me-WLM
2025-02-14 23:37:12,298 - INFO - Created Classe: 1ere-WLM
2025-02-14 23:37:12,312 - INFO - Created Classe: Term-WLM
2025-02-14 23:37:12,327 - INFO - Created Classe: 6me-LPMSBD
2025-02-14 23:37:12,343 - INFO - Created Classe: 5me-LPMSBD
2025-02-14 23:37:12,356 - INFO - Created Classe: 4me-LPMSBD
2025-02-14 23:37:12,371 - INFO - Created Classe: 3me-LPMSBD
2025-02-14 23:37:12,387 - INFO - Created Classe: 2me-LPMSBD
2025-02-14 23:37:12,401 - INFO - Created Classe: 1ere-LPMSBD
2025-02-14 23:37:12,417 - INFO - Created Classe: Term-LPMSBD
2025-02-14 23:37:12,430 - INFO - Created Classe: 6me-WP
2025-02-14 23:37:12,444 - INFO - Created Classe: 5me-WP
2025-02-14 23:37:12,457 - INFO - Created Classe: 4me-WP
2025-02-14 23:37:12,471 - INFO - Created Classe: 3me-WP
2025-02-14 23:37:12,485 - INFO - Created Classe: 2me-WP
2025-02-14 23:37:12,499 - INFO - Created Classe: 1ere-WP
2025-02-14 23:37:12,512 - INFO - Created Classe: Term-WP
2025-02-14 23:37:12,527 - INFO - Created Classe: CP1-EPCELP
2025-02-14 23:37:12,543 - INFO - Created Classe: CP2-EPCELP
2025-02-14 23:37:12,557 - INFO - Created Classe: CE1-EPCELP
2025-02-14 23:37:12,571 - INFO - Created Classe: CE2-EPCELP
2025-02-14 23:37:12,585 - INFO - Created Classe: CM1-EPCELP
2025-02-14 23:37:12,601 - INFO - Created Classe: CM2-EPCELP
2025-02-14 23:37:12,617 - INFO - Created Classe: CP1-EPPLE
2025-02-14 23:37:12,633 - INFO - Created Classe: CP2-EPPLE
2025-02-14 23:37:12,647 - INFO - Created Classe: CE1-EPPLE
2025-02-14 23:37:12,660 - INFO - Created Classe: CE2-EPPLE
2025-02-14 23:37:12,674 - INFO - Created Classe: CM1-EPPLE
2025-02-14 23:37:12,689 - INFO - Created Classe: CM2-EPPLE
2025-02-14 23:37:12,702 - INFO - Created Classe: CP1-YAMT
2025-02-14 23:37:12,717 - INFO - Created Classe: CP2-YAMT
2025-02-14 23:37:12,731 - INFO - Created Classe: CE1-YAMT
2025-02-14 23:37:12,747 - INFO - Created Classe: CE2-YAMT
2025-02-14 23:37:12,763 - INFO - Created Classe: CM1-YAMT
2025-02-14 23:37:12,779 - INFO - Created Classe: CM2-YAMT
2025-02-14 23:37:12,792 - INFO - Created Classe: CP1-LSB
2025-02-14 23:37:12,806 - INFO - Created Classe: CP2-LSB
2025-02-14 23:37:12,818 - INFO - Created Classe: CE1-LSB
2025-02-14 23:37:12,834 - INFO - Created Classe: CE2-LSB
2025-02-14 23:37:12,849 - INFO - Created Classe: CM1-LSB
2025-02-14 23:37:12,865 - INFO - Created Classe: CM2-LSB
2025-02-14 23:41:45,400 - INFO - Creating Classes...
2025-02-14 23:41:45,418 - INFO - Created Classe: 6me-TBD
2025-02-14 23:41:45,435 - INFO - Created Classe: 5me-TBD
2025-02-14 23:41:45,454 - INFO - Created Classe: 4me-TBD
2025-02-14 23:41:45,472 - INFO - Created Classe: 3me-TBD
2025-02-14 23:41:45,490 - INFO - Created Classe: 2me-TBD
2025-02-14 23:41:45,507 - INFO - Created Classe: 1ere-TBD
2025-02-14 23:41:45,525 - INFO - Created Classe: Term-TBD
2025-02-14 23:41:45,542 - INFO - Created Classe: PS-Nas_Mat
2025-02-14 23:41:45,560 - INFO - Created Classe: MS-Nas_Mat
2025-02-14 23:41:45,577 - INFO - Created Classe: GS-Nas_Mat
2025-02-14 23:41:45,595 - INFO - Created Classe: CP1-Nas_Pri
2025-02-14 23:41:45,614 - INFO - Created Classe: CP2-Nas_Pri
2025-02-14 23:41:45,633 - INFO - Created Classe: CE1-Nas_Pri
2025-02-14 23:41:45,653 - INFO - Created Classe: CE2-Nas_Pri
2025-02-14 23:41:45,671 - INFO - Created Classe: CM1-Nas_Pri
2025-02-14 23:41:45,689 - INFO - Created Classe: CM2-Nas_Pri
2025-02-14 23:41:45,708 - INFO - Created Classe: 6me-LMS
2025-02-14 23:41:45,723 - INFO - Created Classe: 5me-LMS
2025-02-14 23:41:45,735 - INFO - Created Classe: 4me-LMS
2025-02-14 23:41:45,748 - INFO - Created Classe: 3me-LMS
2025-02-14 23:41:45,766 - INFO - Created Classe: 2me-LMS
2025-02-14 23:41:45,785 - INFO - Created Classe: 1ere-LMS
2025-02-14 23:41:45,803 - INFO - Created Classe: Term-LMS
2025-02-14 23:41:45,817 - INFO - Created Classe: 6me-WLM
2025-02-14 23:41:45,833 - INFO - Created Classe: 5me-WLM
2025-02-14 23:41:45,851 - INFO - Created Classe: 4me-WLM
2025-02-14 23:41:45,867 - INFO - Created Classe: 3me-WLM
2025-02-14 23:41:45,882 - INFO - Created Classe: 2me-WLM
2025-02-14 23:41:45,897 - INFO - Created Classe: 1ere-WLM
2025-02-14 23:41:45,912 - INFO - Created Classe: Term-WLM
2025-02-14 23:41:45,929 - INFO - Created Classe: 6me-LPMSBD
2025-02-14 23:41:45,947 - INFO - Created Classe: 5me-LPMSBD
2025-02-14 23:41:45,963 - INFO - Created Classe: 4me-LPMSBD
2025-02-14 23:41:45,980 - INFO - Created Classe: 3me-LPMSBD
2025-02-14 23:41:45,998 - INFO - Created Classe: 2me-LPMSBD
2025-02-14 23:41:46,016 - INFO - Created Classe: 1ere-LPMSBD
2025-02-14 23:41:46,035 - INFO - Created Classe: Term-LPMSBD
2025-02-14 23:41:46,052 - INFO - Created Classe: 6me-WP
2025-02-14 23:41:46,070 - INFO - Created Classe: 5me-WP
2025-02-14 23:41:46,089 - INFO - Created Classe: 4me-WP
2025-02-14 23:41:46,106 - INFO - Created Classe: 3me-WP
2025-02-14 23:41:46,122 - INFO - Created Classe: 2me-WP
2025-02-14 23:41:46,138 - INFO - Created Classe: 1ere-WP
2025-02-14 23:41:46,157 - INFO - Created Classe: Term-WP
2025-02-14 23:41:46,175 - INFO - Created Classe: CP1-EPCELP
2025-02-14 23:41:46,192 - INFO - Created Classe: CP2-EPCELP
2025-02-14 23:41:46,210 - INFO - Created Classe: CE1-EPCELP
2025-02-14 23:41:46,229 - INFO - Created Classe: CE2-EPCELP
2025-02-14 23:41:46,247 - INFO - Created Classe: CM1-EPCELP
2025-02-14 23:41:46,266 - INFO - Created Classe: CM2-EPCELP
2025-02-14 23:41:46,285 - INFO - Created Classe: CP1-EPPLE
2025-02-14 23:41:46,303 - INFO - Created Classe: CP2-EPPLE
2025-02-14 23:41:46,323 - INFO - Created Classe: CE1-EPPLE
2025-02-14 23:41:46,338 - INFO - Created Classe: CE2-EPPLE
2025-02-14 23:41:46,354 - INFO - Created Classe: CM1-EPPLE
2025-02-14 23:41:46,374 - INFO - Created Classe: CM2-EPPLE
2025-02-14 23:41:46,394 - INFO - Created Classe: CP1-YAMT
2025-02-14 23:41:46,415 - INFO - Created Classe: CP2-YAMT
2025-02-14 23:41:46,434 - INFO - Created Classe: CE1-YAMT
2025-02-14 23:41:46,453 - INFO - Created Classe: CE2-YAMT
2025-02-14 23:41:46,469 - INFO - Created Classe: CM1-YAMT
2025-02-14 23:41:46,485 - INFO - Created Classe: CM2-YAMT
2025-02-14 23:41:46,502 - INFO - Created Classe: CP1-LSB
2025-02-14 23:41:46,519 - INFO - Created Classe: CP2-LSB
2025-02-14 23:41:46,536 - INFO - Created Classe: CE1-LSB
2025-02-14 23:41:46,555 - INFO - Created Classe: CE2-LSB
2025-02-14 23:41:46,572 - INFO - Created Classe: CM1-LSB
2025-02-14 23:41:46,593 - INFO - Created Classe: CM2-LSB
2025-02-14 23:59:57,009 - INFO - Creating Classes...
2025-02-14 23:59:57,026 - INFO - Created Classe: 6me-TBD
2025-02-14 23:59:57,047 - INFO - Created Classe: 5me-TBD
2025-02-14 23:59:57,061 - INFO - Created Classe: 4me-TBD
2025-02-14 23:59:57,074 - INFO - Created Classe: 3me-TBD
2025-02-14 23:59:57,087 - INFO - Created Classe: 2me-TBD
2025-02-14 23:59:57,099 - INFO - Created Classe: 1ere-TBD
2025-02-14 23:59:57,112 - INFO - Created Classe: Term-TBD
2025-02-14 23:59:57,124 - INFO - Created Classe: PS-Nas_Mat
2025-02-14 23:59:57,138 - INFO - Created Classe: MS-Nas_Mat
2025-02-14 23:59:57,151 - INFO - Created Classe: GS-Nas_Mat
2025-02-14 23:59:57,165 - INFO - Created Classe: CP1-Nas_Pri
2025-02-14 23:59:57,179 - INFO - Created Classe: CP2-Nas_Pri
2025-02-14 23:59:57,193 - INFO - Created Classe: CE1-Nas_Pri
2025-02-14 23:59:57,206 - INFO - Created Classe: CE2-Nas_Pri
2025-02-14 23:59:57,220 - INFO - Created Classe: CM1-Nas_Pri
2025-02-14 23:59:57,234 - INFO - Created Classe: CM2-Nas_Pri
2025-02-14 23:59:57,248 - INFO - Created Classe: 6me-LMS
2025-02-14 23:59:57,262 - INFO - Created Classe: 5me-LMS
2025-02-14 23:59:57,277 - INFO - Created Classe: 4me-LMS
2025-02-14 23:59:57,291 - INFO - Created Classe: 3me-LMS
2025-02-14 23:59:57,305 - INFO - Created Classe: 2me-LMS
2025-02-14 23:59:57,319 - INFO - Created Classe: 1ere-LMS
2025-02-14 23:59:57,333 - INFO - Created Classe: Term-LMS
2025-02-14 23:59:57,345 - INFO - Created Classe: 6me-WLM
2025-02-14 23:59:57,358 - INFO - Created Classe: 5me-WLM
2025-02-14 23:59:57,375 - INFO - Created Classe: 4me-WLM
2025-02-14 23:59:57,389 - INFO - Created Classe: 3me-WLM
2025-02-14 23:59:57,401 - INFO - Created Classe: 2me-WLM
2025-02-14 23:59:57,414 - INFO - Created Classe: 1ere-WLM
2025-02-14 23:59:57,427 - INFO - Created Classe: Term-WLM
2025-02-14 23:59:57,441 - INFO - Created Classe: 6me-LPMSBD
2025-02-14 23:59:57,454 - INFO - Created Classe: 5me-LPMSBD
2025-02-14 23:59:57,467 - INFO - Created Classe: 4me-LPMSBD
2025-02-14 23:59:57,480 - INFO - Created Classe: 3me-LPMSBD
2025-02-14 23:59:57,492 - INFO - Created Classe: 2me-LPMSBD
2025-02-14 23:59:57,505 - INFO - Created Classe: 1ere-LPMSBD
2025-02-14 23:59:57,519 - INFO - Created Classe: Term-LPMSBD
2025-02-14 23:59:57,533 - INFO - Created Classe: 6me-WP
2025-02-14 23:59:57,547 - INFO - Created Classe: 5me-WP
2025-02-14 23:59:57,561 - INFO - Created Classe: 4me-WP
2025-02-14 23:59:57,574 - INFO - Created Classe: 3me-WP
2025-02-14 23:59:57,589 - INFO - Created Classe: 2me-WP
2025-02-14 23:59:57,603 - INFO - Created Classe: 1ere-WP
2025-02-14 23:59:57,616 - INFO - Created Classe: Term-WP
2025-02-14 23:59:57,631 - INFO - Created Classe: CP1-EPCELP
2025-02-14 23:59:57,645 - INFO - Created Classe: CP2-EPCELP
2025-02-14 23:59:57,658 - INFO - Created Classe: CE1-EPCELP
2025-02-14 23:59:57,673 - INFO - Created Classe: CE2-EPCELP
2025-02-14 23:59:57,686 - INFO - Created Classe: CM1-EPCELP
2025-02-14 23:59:57,700 - INFO - Created Classe: CM2-EPCELP
2025-02-14 23:59:57,713 - INFO - Created Classe: CP1-EPPLE
2025-02-14 23:59:57,727 - INFO - Created Classe: CP2-EPPLE
2025-02-14 23:59:57,740 - INFO - Created Classe: CE1-EPPLE
2025-02-14 23:59:57,755 - INFO - Created Classe: CE2-EPPLE
2025-02-14 23:59:57,768 - INFO - Created Classe: CM1-EPPLE
2025-02-14 23:59:57,781 - INFO - Created Classe: CM2-EPPLE
2025-02-14 23:59:57,796 - INFO - Created Classe: CP1-YAMT
2025-02-14 23:59:57,810 - INFO - Created Classe: CP2-YAMT
2025-02-14 23:59:57,825 - INFO - Created Classe: CE1-YAMT
2025-02-14 23:59:57,838 - INFO - Created Classe: CE2-YAMT
2025-02-14 23:59:57,851 - INFO - Created Classe: CM1-YAMT
2025-02-14 23:59:57,864 - INFO - Created Classe: CM2-YAMT
2025-02-14 23:59:57,878 - INFO - Created Classe: CP1-LSB
2025-02-14 23:59:57,891 - INFO - Created Classe: CP2-LSB
2025-02-14 23:59:57,905 - INFO - Created Classe: CE1-LSB
2025-02-14 23:59:57,919 - INFO - Created Classe: CE2-LSB
2025-02-14 23:59:57,932 - INFO - Created Classe: CM1-LSB
2025-02-14 23:59:57,945 - INFO - Created Classe: CM2-LSB
2025-02-15 00:43:34,669 - INFO - Creating Classes...
2025-02-15 00:43:34,671 - INFO - Classe already exists: 6me-TBD
2025-02-15 00:43:34,672 - INFO - Classe already exists: 5me-TBD
2025-02-15 00:43:34,674 - INFO - Classe already exists: 4me-TBD
2025-02-15 00:43:34,675 - INFO - Classe already exists: 3me-TBD
2025-02-15 00:43:34,676 - INFO - Classe already exists: 2me-TBD
2025-02-15 00:43:34,677 - INFO - Classe already exists: 1ere-TBD
2025-02-15 00:43:34,678 - INFO - Classe already exists: Term-TBD
2025-02-15 00:43:34,679 - INFO - Classe already exists: PS-Nas_Mat
2025-02-15 00:43:34,680 - INFO - Classe already exists: MS-Nas_Mat
2025-02-15 00:43:34,681 - INFO - Classe already exists: GS-Nas_Mat
2025-02-15 00:43:34,682 - INFO - Classe already exists: CP1-Nas_Pri
2025-02-15 00:43:34,683 - INFO - Classe already exists: CP2-Nas_Pri
2025-02-15 00:43:34,684 - INFO - Classe already exists: CE1-Nas_Pri
2025-02-15 00:43:34,685 - INFO - Classe already exists: CE2-Nas_Pri
2025-02-15 00:43:34,686 - INFO - Classe already exists: CM1-Nas_Pri
2025-02-15 00:43:34,687 - INFO - Classe already exists: CM2-Nas_Pri
2025-02-15 00:43:34,689 - INFO - Classe already exists: 6me-LMS
2025-02-15 00:43:34,690 - INFO - Classe already exists: 5me-LMS
2025-02-15 00:43:34,692 - INFO - Classe already exists: 4me-LMS
2025-02-15 00:43:34,693 - INFO - Classe already exists: 3me-LMS
2025-02-15 00:43:34,694 - INFO - Classe already exists: 2me-LMS
2025-02-15 00:43:34,695 - INFO - Classe already exists: 1ere-LMS
2025-02-15 00:43:34,696 - INFO - Classe already exists: Term-LMS
2025-02-15 00:43:34,697 - INFO - Classe already exists: 6me-WLM
2025-02-15 00:43:34,698 - INFO - Classe already exists: 5me-WLM
2025-02-15 00:43:34,699 - INFO - Classe already exists: 4me-WLM
2025-02-15 00:43:34,700 - INFO - Classe already exists: 3me-WLM
2025-02-15 00:43:34,701 - INFO - Classe already exists: 2me-WLM
2025-02-15 00:43:34,702 - INFO - Classe already exists: 1ere-WLM
2025-02-15 00:43:34,703 - INFO - Classe already exists: Term-WLM
2025-02-15 00:43:34,704 - INFO - Classe already exists: 6me-LPMSBD
2025-02-15 00:43:34,705 - INFO - Classe already exists: 5me-LPMSBD
2025-02-15 00:43:34,707 - INFO - Classe already exists: 4me-LPMSBD
2025-02-15 00:43:34,708 - INFO - Classe already exists: 3me-LPMSBD
2025-02-15 00:43:34,709 - INFO - Classe already exists: 2me-LPMSBD
2025-02-15 00:43:34,710 - INFO - Classe already exists: 1ere-LPMSBD
2025-02-15 00:43:34,711 - INFO - Classe already exists: Term-LPMSBD
2025-02-15 00:43:34,712 - INFO - Classe already exists: 6me-WP
2025-02-15 00:43:34,713 - INFO - Classe already exists: 5me-WP
2025-02-15 00:43:34,714 - INFO - Classe already exists: 4me-WP
2025-02-15 00:43:34,715 - INFO - Classe already exists: 3me-WP
2025-02-15 00:43:34,716 - INFO - Classe already exists: 2me-WP
2025-02-15 00:43:34,717 - INFO - Classe already exists: 1ere-WP
2025-02-15 00:43:34,717 - INFO - Classe already exists: Term-WP
2025-02-15 00:43:34,718 - INFO - Classe already exists: CP1-EPCELP
2025-02-15 00:43:34,719 - INFO - Classe already exists: CP2-EPCELP
2025-02-15 00:43:34,720 - INFO - Classe already exists: CE1-EPCELP
2025-02-15 00:43:34,722 - INFO - Classe already exists: CE2-EPCELP
2025-02-15 00:43:34,723 - INFO - Classe already exists: CM1-EPCELP
2025-02-15 00:43:34,724 - INFO - Classe already exists: CM2-EPCELP
2025-02-15 00:43:34,726 - INFO - Classe already exists: CP1-EPPLE
2025-02-15 00:43:34,727 - INFO - Classe already exists: CP2-EPPLE
2025-02-15 00:43:34,728 - INFO - Classe already exists: CE1-EPPLE
2025-02-15 00:43:34,729 - INFO - Classe already exists: CE2-EPPLE
2025-02-15 00:43:34,729 - INFO - Classe already exists: CM1-EPPLE
2025-02-15 00:43:34,730 - INFO - Classe already exists: CM2-EPPLE
2025-02-15 00:43:34,731 - INFO - Classe already exists: CP1-YAMT
2025-02-15 00:43:34,732 - INFO - Classe already exists: CP2-YAMT
2025-02-15 00:43:34,733 - INFO - Classe already exists: CE1-YAMT
2025-02-15 00:43:34,734 - INFO - Classe already exists: CE2-YAMT
2025-02-15 00:43:34,735 - INFO - Classe already exists: CM1-YAMT
2025-02-15 00:43:34,736 - INFO - Classe already exists: CM2-YAMT
2025-02-15 00:43:34,737 - INFO - Classe already exists: CP1-LSB
2025-02-15 00:43:34,738 - INFO - Classe already exists: CP2-LSB
2025-02-15 00:43:34,739 - INFO - Classe already exists: CE1-LSB
2025-02-15 00:43:34,740 - INFO - Classe already exists: CE2-LSB
2025-02-15 00:43:34,742 - INFO - Classe already exists: CM1-LSB
2025-02-15 00:43:34,743 - INFO - Classe already exists: CM2-LSB
2025-02-15 00:44:02,356 - INFO - Creating Classes...
2025-02-15 00:44:02,357 - INFO - Classe already exists: 6me-TBD
2025-02-15 00:44:02,358 - INFO - Classe already exists: 5me-TBD
2025-02-15 00:44:02,359 - INFO - Classe already exists: 4me-TBD
2025-02-15 00:44:02,360 - INFO - Classe already exists: 3me-TBD
2025-02-15 00:44:02,362 - INFO - Classe already exists: 2me-TBD
2025-02-15 00:44:02,363 - INFO - Classe already exists: 1ere-TBD
2025-02-15 00:44:02,364 - INFO - Classe already exists: Term-TBD
2025-02-15 00:44:02,365 - INFO - Classe already exists: PS-Nas_Mat
2025-02-15 00:44:02,366 - INFO - Classe already exists: MS-Nas_Mat
2025-02-15 00:44:02,367 - INFO - Classe already exists: GS-Nas_Mat
2025-02-15 00:44:02,368 - INFO - Classe already exists: CP1-Nas_Pri
2025-02-15 00:44:02,369 - INFO - Classe already exists: CP2-Nas_Pri
2025-02-15 00:44:02,370 - INFO - Classe already exists: CE1-Nas_Pri
2025-02-15 00:44:02,371 - INFO - Classe already exists: CE2-Nas_Pri
2025-02-15 00:44:02,372 - INFO - Classe already exists: CM1-Nas_Pri
2025-02-15 00:44:02,373 - INFO - Classe already exists: CM2-Nas_Pri
2025-02-15 00:44:02,374 - INFO - Classe already exists: 6me-LMS
2025-02-15 00:44:02,375 - INFO - Classe already exists: 5me-LMS
2025-02-15 00:44:02,376 - INFO - Classe already exists: 4me-LMS
2025-02-15 00:44:02,377 - INFO - Classe already exists: 3me-LMS
2025-02-15 00:44:02,378 - INFO - Classe already exists: 2me-LMS
2025-02-15 00:44:02,379 - INFO - Classe already exists: 1ere-LMS
2025-02-15 00:44:02,380 - INFO - Classe already exists: Term-LMS
2025-02-15 00:44:02,381 - INFO - Classe already exists: 6me-WLM
2025-02-15 00:44:02,382 - INFO - Classe already exists: 5me-WLM
2025-02-15 00:44:02,383 - INFO - Classe already exists: 4me-WLM
2025-02-15 00:44:02,384 - INFO - Classe already exists: 3me-WLM
2025-02-15 00:44:02,385 - INFO - Classe already exists: 2me-WLM
2025-02-15 00:44:02,386 - INFO - Classe already exists: 1ere-WLM
2025-02-15 00:44:02,387 - INFO - Classe already exists: Term-WLM
2025-02-15 00:44:02,388 - INFO - Classe already exists: 6me-LPMSBD
2025-02-15 00:44:02,389 - INFO - Classe already exists: 5me-LPMSBD
2025-02-15 00:44:02,390 - INFO - Classe already exists: 4me-LPMSBD
2025-02-15 00:44:02,391 - INFO - Classe already exists: 3me-LPMSBD
2025-02-15 00:44:02,392 - INFO - Classe already exists: 2me-LPMSBD
2025-02-15 00:44:02,393 - INFO - Classe already exists: 1ere-LPMSBD
2025-02-15 00:44:02,394 - INFO - Classe already exists: Term-LPMSBD
2025-02-15 00:44:02,395 - INFO - Classe already exists: 6me-WP
2025-02-15 00:44:02,396 - INFO - Classe already exists: 5me-WP
2025-02-15 00:44:02,397 - INFO - Classe already exists: 4me-WP
2025-02-15 00:44:02,399 - INFO - Classe already exists: 3me-WP
2025-02-15 00:44:02,400 - INFO - Classe already exists: 2me-WP
2025-02-15 00:44:02,401 - INFO - Classe already exists: 1ere-WP
2025-02-15 00:44:02,402 - INFO - Classe already exists: Term-WP
2025-02-15 00:44:02,403 - INFO - Classe already exists: CP1-EPCELP
2025-02-15 00:44:02,403 - INFO - Classe already exists: CP2-EPCELP
2025-02-15 00:44:02,404 - INFO - Classe already exists: CE1-EPCELP
2025-02-15 00:44:02,406 - INFO - Classe already exists: CE2-EPCELP
2025-02-15 00:44:02,406 - INFO - Classe already exists: CM1-EPCELP
2025-02-15 00:44:02,407 - INFO - Classe already exists: CM2-EPCELP
2025-02-15 00:44:02,408 - INFO - Classe already exists: CP1-EPPLE
2025-02-15 00:44:02,409 - INFO - Classe already exists: CP2-EPPLE
2025-02-15 00:44:02,410 - INFO - Classe already exists: CE1-EPPLE
2025-02-15 00:44:02,411 - INFO - Classe already exists: CE2-EPPLE
2025-02-15 00:44:02,412 - INFO - Classe already exists: CM1-EPPLE
2025-02-15 00:44:02,413 - INFO - Classe already exists: CM2-EPPLE
2025-02-15 00:44:02,414 - INFO - Classe already exists: CP1-YAMT
2025-02-15 00:44:02,415 - INFO - Classe already exists: CP2-YAMT
2025-02-15 00:44:02,416 - INFO - Classe already exists: CE1-YAMT
2025-02-15 00:44:02,417 - INFO - Classe already exists: CE2-YAMT
2025-02-15 00:44:02,418 - INFO - Classe already exists: CM1-YAMT
2025-02-15 00:44:02,419 - INFO - Classe already exists: CM2-YAMT
2025-02-15 00:44:02,420 - INFO - Classe already exists: CP1-LSB
2025-02-15 00:44:02,422 - INFO - Classe already exists: CP2-LSB
2025-02-15 00:44:02,423 - INFO - Classe already exists: CE1-LSB
2025-02-15 00:44:02,424 - INFO - Classe already exists: CE2-LSB
2025-02-15 00:44:02,425 - INFO - Classe already exists: CM1-LSB
2025-02-15 00:44:02,426 - INFO - Classe already exists: CM2-LSB
2025-02-15 00:58:02,683 - INFO - Creating Classes...
2025-02-15 00:58:02,685 - INFO - Classe already exists: 6me-TBD
2025-02-15 00:58:02,686 - INFO - Classe already exists: 5me-TBD
2025-02-15 00:58:02,687 - INFO - Classe already exists: 4me-TBD
2025-02-15 00:58:02,688 - INFO - Classe already exists: 3me-TBD
2025-02-15 00:58:02,688 - INFO - Classe already exists: 2me-TBD
2025-02-15 00:58:02,689 - INFO - Classe already exists: 1ere-TBD
2025-02-15 00:58:02,690 - INFO - Classe already exists: Term-TBD
2025-02-15 00:58:02,691 - INFO - Classe already exists: PS-Nas_Mat
2025-02-15 00:58:02,692 - INFO - Classe already exists: MS-Nas_Mat
2025-02-15 00:58:02,693 - INFO - Classe already exists: GS-Nas_Mat
2025-02-15 00:58:02,694 - INFO - Classe already exists: CP1-Nas_Pri
2025-02-15 00:58:02,694 - INFO - Classe already exists: CP2-Nas_Pri
2025-02-15 00:58:02,695 - INFO - Classe already exists: CE1-Nas_Pri
2025-02-15 00:58:02,696 - INFO - Classe already exists: CE2-Nas_Pri
2025-02-15 00:58:02,697 - INFO - Classe already exists: CM1-Nas_Pri
2025-02-15 00:58:02,698 - INFO - Classe already exists: CM2-Nas_Pri
2025-02-15 00:58:02,699 - INFO - Classe already exists: 6me-LMS
2025-02-15 00:58:02,700 - INFO - Classe already exists: 5me-LMS
2025-02-15 00:58:02,701 - INFO - Classe already exists: 4me-LMS
2025-02-15 00:58:02,702 - INFO - Classe already exists: 3me-LMS
2025-02-15 00:58:02,702 - INFO - Classe already exists: 2me-LMS
2025-02-15 00:58:02,703 - INFO - Classe already exists: 1ere-LMS
2025-02-15 00:58:02,704 - INFO - Classe already exists: Term-LMS
2025-02-15 00:58:02,705 - INFO - Classe already exists: 6me-WLM
2025-02-15 00:58:02,706 - INFO - Classe already exists: 5me-WLM
2025-02-15 00:58:02,707 - INFO - Classe already exists: 4me-WLM
2025-02-15 00:58:02,708 - INFO - Classe already exists: 3me-WLM
2025-02-15 00:58:02,709 - INFO - Classe already exists: 2me-WLM
2025-02-15 00:58:02,709 - INFO - Classe already exists: 1ere-WLM
2025-02-15 00:58:02,710 - INFO - Classe already exists: Term-WLM
2025-02-15 00:58:02,711 - INFO - Classe already exists: 6me-LPMSBD
2025-02-15 00:58:02,712 - INFO - Classe already exists: 5me-LPMSBD
2025-02-15 00:58:02,713 - INFO - Classe already exists: 4me-LPMSBD
2025-02-15 00:58:02,714 - INFO - Classe already exists: 3me-LPMSBD
2025-02-15 00:58:02,715 - INFO - Classe already exists: 2me-LPMSBD
2025-02-15 00:58:02,715 - INFO - Classe already exists: 1ere-LPMSBD
2025-02-15 00:58:02,716 - INFO - Classe already exists: Term-LPMSBD
2025-02-15 00:58:02,717 - INFO - Classe already exists: 6me-WP
2025-02-15 00:58:02,718 - INFO - Classe already exists: 5me-WP
2025-02-15 00:58:02,719 - INFO - Classe already exists: 4me-WP
2025-02-15 00:58:02,720 - INFO - Classe already exists: 3me-WP
2025-02-15 00:58:02,721 - INFO - Classe already exists: 2me-WP
2025-02-15 00:58:02,721 - INFO - Classe already exists: 1ere-WP
2025-02-15 00:58:02,722 - INFO - Classe already exists: Term-WP
2025-02-15 00:58:02,723 - INFO - Classe already exists: CP1-EPCELP
2025-02-15 00:58:02,724 - INFO - Classe already exists: CP2-EPCELP
2025-02-15 00:58:02,725 - INFO - Classe already exists: CE1-EPCELP
2025-02-15 00:58:02,726 - INFO - Classe already exists: CE2-EPCELP
2025-02-15 00:58:02,726 - INFO - Classe already exists: CM1-EPCELP
2025-02-15 00:58:02,727 - INFO - Classe already exists: CM2-EPCELP
2025-02-15 00:58:02,728 - INFO - Classe already exists: CP1-EPPLE
2025-02-15 00:58:02,729 - INFO - Classe already exists: CP2-EPPLE
2025-02-15 00:58:02,730 - INFO - Classe already exists: CE1-EPPLE
2025-02-15 00:58:02,731 - INFO - Classe already exists: CE2-EPPLE
2025-02-15 00:58:02,732 - INFO - Classe already exists: CM1-EPPLE
2025-02-15 00:58:02,732 - INFO - Classe already exists: CM2-EPPLE
2025-02-15 00:58:02,733 - INFO - Classe already exists: CP1-YAMT
2025-02-15 00:58:02,734 - INFO - Classe already exists: CP2-YAMT
2025-02-15 00:58:02,735 - INFO - Classe already exists: CE1-YAMT
2025-02-15 00:58:02,736 - INFO - Classe already exists: CE2-YAMT
2025-02-15 00:58:02,737 - INFO - Classe already exists: CM1-YAMT
2025-02-15 00:58:02,738 - INFO - Classe already exists: CM2-YAMT
2025-02-15 00:58:02,738 - INFO - Classe already exists: CP1-LSB
2025-02-15 00:58:02,739 - INFO - Classe already exists: CP2-LSB
2025-02-15 00:58:02,740 - INFO - Classe already exists: CE1-LSB
2025-02-15 00:58:02,741 - INFO - Classe already exists: CE2-LSB
2025-02-15 00:58:02,742 - INFO - Classe already exists: CM1-LSB
2025-02-15 00:58:02,742 - INFO - Classe already exists: CM2-LSB
2025-02-15 18:47:26,881 - INFO - Creating Classes...
2025-02-15 18:47:26,893 - INFO - Created Classe: 6me-TBD
2025-02-15 18:47:26,903 - INFO - Created Classe: 5me-TBD
2025-02-15 18:47:26,914 - INFO - Created Classe: 4me-TBD
2025-02-15 18:47:26,924 - INFO - Created Classe: 3me-TBD
2025-02-15 18:47:26,934 - INFO - Created Classe: 2me-TBD
2025-02-15 18:47:26,943 - INFO - Created Classe: 1ere-TBD
2025-02-15 18:47:26,953 - INFO - Created Classe: Term-TBD
2025-02-15 18:47:26,963 - INFO - Created Classe: PS-Nas_Mat
2025-02-15 18:47:26,974 - INFO - Created Classe: MS-Nas_Mat
2025-02-15 18:47:26,984 - INFO - Created Classe: GS-Nas_Mat
2025-02-15 18:47:26,994 - INFO - Created Classe: CP1-Nas_Pri
2025-02-15 18:47:27,004 - INFO - Created Classe: CP2-Nas_Pri
2025-02-15 18:47:27,013 - INFO - Created Classe: CE1-Nas_Pri
2025-02-15 18:47:27,022 - INFO - Created Classe: CE2-Nas_Pri
2025-02-15 18:47:27,031 - INFO - Created Classe: CM1-Nas_Pri
2025-02-15 18:47:27,041 - INFO - Created Classe: CM2-Nas_Pri
2025-02-15 18:47:27,052 - INFO - Created Classe: 6me-LMS
2025-02-15 18:47:27,062 - INFO - Created Classe: 5me-LMS
2025-02-15 18:47:27,073 - INFO - Created Classe: 4me-LMS
2025-02-15 18:47:27,083 - INFO - Created Classe: 3me-LMS
2025-02-15 18:47:27,092 - INFO - Created Classe: 2me-LMS
2025-02-15 18:47:27,101 - INFO - Created Classe: 1ere-LMS
2025-02-15 18:47:27,111 - INFO - Created Classe: Term-LMS
2025-02-15 18:47:27,120 - INFO - Created Classe: 6me-WLM
2025-02-15 18:47:27,130 - INFO - Created Classe: 5me-WLM
2025-02-15 18:47:27,141 - INFO - Created Classe: 4me-WLM
2025-02-15 18:47:27,151 - INFO - Created Classe: 3me-WLM
2025-02-15 18:47:27,162 - INFO - Created Classe: 2me-WLM
2025-02-15 18:47:27,171 - INFO - Created Classe: 1ere-WLM
2025-02-15 18:47:27,181 - INFO - Created Classe: Term-WLM
2025-02-15 18:47:27,192 - INFO - Created Classe: 6me-LPMSBD
2025-02-15 18:47:27,202 - INFO - Created Classe: 5me-LPMSBD
2025-02-15 18:47:27,212 - INFO - Created Classe: 4me-LPMSBD
2025-02-15 18:47:27,223 - INFO - Created Classe: 3me-LPMSBD
2025-02-15 18:47:27,233 - INFO - Created Classe: 2me-LPMSBD
2025-02-15 18:47:27,244 - INFO - Created Classe: 1ere-LPMSBD
2025-02-15 18:47:27,254 - INFO - Created Classe: Term-LPMSBD
2025-02-15 18:47:27,265 - INFO - Created Classe: 6me-WP
2025-02-15 18:47:27,275 - INFO - Created Classe: 5me-WP
2025-02-15 18:47:27,285 - INFO - Created Classe: 4me-WP
2025-02-15 18:47:27,295 - INFO - Created Classe: 3me-WP
2025-02-15 18:47:27,305 - INFO - Created Classe: 2me-WP
2025-02-15 18:47:27,315 - INFO - Created Classe: 1ere-WP
2025-02-15 18:47:27,325 - INFO - Created Classe: Term-WP
2025-02-15 18:47:27,334 - INFO - Created Classe: CP1-EPCELP
2025-02-15 18:47:27,345 - INFO - Created Classe: CP2-EPCELP
2025-02-15 18:47:27,354 - INFO - Created Classe: CE1-EPCELP
2025-02-15 18:47:27,365 - INFO - Created Classe: CE2-EPCELP
2025-02-15 18:47:27,376 - INFO - Created Classe: CM1-EPCELP
2025-02-15 18:47:27,385 - INFO - Created Classe: CM2-EPCELP
2025-02-15 18:47:27,396 - INFO - Created Classe: CP1-EPPLE
2025-02-15 18:47:27,406 - INFO - Created Classe: CP2-EPPLE
2025-02-15 18:47:27,416 - INFO - Created Classe: CE1-EPPLE
2025-02-15 18:47:27,426 - INFO - Created Classe: CE2-EPPLE
2025-02-15 18:47:27,436 - INFO - Created Classe: CM1-EPPLE
2025-02-15 18:47:27,447 - INFO - Created Classe: CM2-EPPLE
2025-02-15 18:47:27,457 - INFO - Created Classe: CP1-YAMT
2025-02-15 18:47:27,465 - INFO - Created Classe: CP2-YAMT
2025-02-15 18:47:27,475 - INFO - Created Classe: CE1-YAMT
2025-02-15 18:47:27,487 - INFO - Created Classe: CE2-YAMT
2025-02-15 18:47:27,496 - INFO - Created Classe: CM1-YAMT
2025-02-15 18:47:27,505 - INFO - Created Classe: CM2-YAMT
2025-02-15 18:47:27,514 - INFO - Created Classe: CP1-LSB
2025-02-15 18:47:27,525 - INFO - Created Classe: CP2-LSB
2025-02-15 18:47:27,534 - INFO - Created Classe: CE1-LSB
2025-02-15 18:47:27,544 - INFO - Created Classe: CE2-LSB
2025-02-15 18:47:27,554 - INFO - Created Classe: CM1-LSB
2025-02-15 18:47:27,564 - INFO - Created Classe: CM2-LSB
2025-02-15 19:32:02,846 - INFO - Creating Classes...
2025-02-15 19:32:02,865 - INFO - Created Classe: 6me-TBD
2025-02-15 19:32:02,882 - INFO - Created Classe: 5me-TBD
2025-02-15 19:32:02,900 - INFO - Created Classe: 4me-TBD
2025-02-15 19:32:02,916 - INFO - Created Classe: 3me-TBD
2025-02-15 19:32:02,934 - INFO - Created Classe: 2me-TBD
2025-02-15 19:32:02,951 - INFO - Created Classe: 1ere-TBD
2025-02-15 19:32:02,966 - INFO - Created Classe: Term-TBD
2025-02-15 19:32:02,982 - INFO - Created Classe: PS-Nas_Mat
2025-02-15 19:32:02,998 - INFO - Created Classe: MS-Nas_Mat
2025-02-15 19:32:03,015 - INFO - Created Classe: GS-Nas_Mat
2025-02-15 19:32:03,032 - INFO - Created Classe: CP1-Nas_Pri
2025-02-15 19:32:03,049 - INFO - Created Classe: CP2-Nas_Pri
2025-02-15 19:32:03,067 - INFO - Created Classe: CE1-Nas_Pri
2025-02-15 19:32:03,085 - INFO - Created Classe: CE2-Nas_Pri
2025-02-15 19:32:03,099 - INFO - Created Classe: CM1-Nas_Pri
2025-02-15 19:32:03,119 - INFO - Created Classe: CM2-Nas_Pri
2025-02-15 19:32:03,140 - INFO - Created Classe: 6me-LMS
2025-02-15 19:32:03,162 - INFO - Created Classe: 5me-LMS
2025-02-15 19:32:03,183 - INFO - Created Classe: 4me-LMS
2025-02-15 19:32:03,203 - INFO - Created Classe: 3me-LMS
2025-02-15 19:32:03,220 - INFO - Created Classe: 2me-LMS
2025-02-15 19:32:03,241 - INFO - Created Classe: 1ere-LMS
2025-02-15 19:32:03,264 - INFO - Created Classe: Term-LMS
2025-02-15 19:32:03,288 - INFO - Created Classe: 6me-WLM
2025-02-15 19:32:03,310 - INFO - Created Classe: 5me-WLM
2025-02-15 19:32:03,334 - INFO - Created Classe: 4me-WLM
2025-02-15 19:32:03,357 - INFO - Created Classe: 3me-WLM
2025-02-15 19:32:03,381 - INFO - Created Classe: 2me-WLM
2025-02-15 19:32:03,404 - INFO - Created Classe: 1ere-WLM
2025-02-15 19:32:03,423 - INFO - Created Classe: Term-WLM
2025-02-15 19:32:03,441 - INFO - Created Classe: 6me-LPMSBD
2025-02-15 19:32:03,457 - INFO - Created Classe: 5me-LPMSBD
2025-02-15 19:32:03,472 - INFO - Created Classe: 4me-LPMSBD
2025-02-15 19:32:03,489 - INFO - Created Classe: 3me-LPMSBD
2025-02-15 19:32:03,506 - INFO - Created Classe: 2me-LPMSBD
2025-02-15 19:32:03,521 - INFO - Created Classe: 1ere-LPMSBD
2025-02-15 19:32:03,535 - INFO - Created Classe: Term-LPMSBD
2025-02-15 19:32:03,549 - INFO - Created Classe: 6me-WP
2025-02-15 19:32:03,563 - INFO - Created Classe: 5me-WP
2025-02-15 19:32:03,580 - INFO - Created Classe: 4me-WP
2025-02-15 19:32:03,598 - INFO - Created Classe: 3me-WP
2025-02-15 19:32:03,612 - INFO - Created Classe: 2me-WP
2025-02-15 19:32:03,628 - INFO - Created Classe: 1ere-WP
2025-02-15 19:32:03,643 - INFO - Created Classe: Term-WP
2025-02-15 19:32:03,657 - INFO - Created Classe: CP1-EPCELP
2025-02-15 19:32:03,674 - INFO - Created Classe: CP2-EPCELP
2025-02-15 19:32:03,692 - INFO - Created Classe: CE1-EPCELP
2025-02-15 19:32:03,709 - INFO - Created Classe: CE2-EPCELP
2025-02-15 19:32:03,731 - INFO - Created Classe: CM1-EPCELP
2025-02-15 19:32:03,746 - INFO - Created Classe: CM2-EPCELP
2025-02-15 19:32:03,762 - INFO - Created Classe: CP1-EPPLE
2025-02-15 19:32:03,777 - INFO - Created Classe: CP2-EPPLE
2025-02-15 19:32:03,795 - INFO - Created Classe: CE1-EPPLE
2025-02-15 19:32:03,812 - INFO - Created Classe: CE2-EPPLE
2025-02-15 19:32:03,829 - INFO - Created Classe: CM1-EPPLE
2025-02-15 19:32:03,844 - INFO - Created Classe: CM2-EPPLE
2025-02-15 19:32:03,860 - INFO - Created Classe: CP1-YAMT
2025-02-15 19:32:03,880 - INFO - Created Classe: CP2-YAMT
2025-02-15 19:32:03,897 - INFO - Created Classe: CE1-YAMT
2025-02-15 19:32:03,915 - INFO - Created Classe: CE2-YAMT
2025-02-15 19:32:03,931 - INFO - Created Classe: CM1-YAMT
2025-02-15 19:32:03,947 - INFO - Created Classe: CM2-YAMT
2025-02-15 19:32:03,963 - INFO - Created Classe: CP1-LSB
2025-02-15 19:32:03,978 - INFO - Created Classe: CP2-LSB
2025-02-15 19:32:03,994 - INFO - Created Classe: CE1-LSB
2025-02-15 19:32:04,010 - INFO - Created Classe: CE2-LSB
2025-02-15 19:32:04,026 - INFO - Created Classe: CM1-LSB
2025-02-15 19:32:04,042 - INFO - Created Classe: CM2-LSB
2025-02-15 19:46:48,486 - INFO - Creating Classes...
2025-02-15 19:46:48,499 - INFO - Created Classe: 6me-TBD
2025-02-15 19:46:48,512 - INFO - Created Classe: 5me-TBD
2025-02-15 19:46:48,524 - INFO - Created Classe: 4me-TBD
2025-02-15 19:46:48,543 - INFO - Created Classe: 3me-TBD
2025-02-15 19:46:48,553 - INFO - Created Classe: 2me-TBD
2025-02-15 19:46:48,566 - INFO - Created Classe: 1ere-TBD
2025-02-15 19:46:48,581 - INFO - Created Classe: Term-TBD
2025-02-15 19:46:48,594 - INFO - Created Classe: PS-Nas_Mat
2025-02-15 19:46:48,608 - INFO - Created Classe: MS-Nas_Mat
2025-02-15 19:46:48,622 - INFO - Created Classe: GS-Nas_Mat
2025-02-15 19:46:48,637 - INFO - Created Classe: CP1-Nas_Pri
2025-02-15 19:46:48,647 - INFO - Created Classe: CP2-Nas_Pri
2025-02-15 19:46:48,659 - INFO - Created Classe: CE1-Nas_Pri
2025-02-15 19:46:48,673 - INFO - Created Classe: CE2-Nas_Pri
2025-02-15 19:46:48,689 - INFO - Created Classe: CM1-Nas_Pri
2025-02-15 19:46:48,703 - INFO - Created Classe: CM2-Nas_Pri
2025-02-15 19:46:48,719 - INFO - Created Classe: 6me-LMS
2025-02-15 19:46:48,734 - INFO - Created Classe: 5me-LMS
2025-02-15 19:46:48,747 - INFO - Created Classe: 4me-LMS
2025-02-15 19:46:48,769 - INFO - Created Classe: 3me-LMS
2025-02-15 19:46:48,786 - INFO - Created Classe: 2me-LMS
2025-02-15 19:46:48,797 - INFO - Created Classe: 1ere-LMS
2025-02-15 19:46:48,810 - INFO - Created Classe: Term-LMS
2025-02-15 19:46:48,822 - INFO - Created Classe: 6me-WLM
2025-02-15 19:46:48,833 - INFO - Created Classe: 5me-WLM
2025-02-15 19:46:48,846 - INFO - Created Classe: 4me-WLM
2025-02-15 19:46:48,862 - INFO - Created Classe: 3me-WLM
2025-02-15 19:46:48,878 - INFO - Created Classe: 2me-WLM
2025-02-15 19:46:48,893 - INFO - Created Classe: 1ere-WLM
2025-02-15 19:46:48,907 - INFO - Created Classe: Term-WLM
2025-02-15 19:46:48,921 - INFO - Created Classe: 6me-LPMSBD
2025-02-15 19:46:48,935 - INFO - Created Classe: 5me-LPMSBD
2025-02-15 19:46:48,951 - INFO - Created Classe: 4me-LPMSBD
2025-02-15 19:46:48,966 - INFO - Created Classe: 3me-LPMSBD
2025-02-15 19:46:48,982 - INFO - Created Classe: 2me-LPMSBD
2025-02-15 19:46:49,009 - INFO - Created Classe: 1ere-LPMSBD
2025-02-15 19:46:49,024 - INFO - Created Classe: Term-LPMSBD
2025-02-15 19:46:49,040 - INFO - Created Classe: 6me-WP
2025-02-15 19:46:49,058 - INFO - Created Classe: 5me-WP
2025-02-15 19:46:49,073 - INFO - Created Classe: 4me-WP
2025-02-15 19:46:49,087 - INFO - Created Classe: 3me-WP
2025-02-15 19:46:49,102 - INFO - Created Classe: 2me-WP
2025-02-15 19:46:49,118 - INFO - Created Classe: 1ere-WP
2025-02-15 19:46:49,134 - INFO - Created Classe: Term-WP
2025-02-15 19:46:49,148 - INFO - Created Classe: CP1-EPCELP
2025-02-15 19:46:49,163 - INFO - Created Classe: CP2-EPCELP
2025-02-15 19:46:49,179 - INFO - Created Classe: CE1-EPCELP
2025-02-15 19:46:49,195 - INFO - Created Classe: CE2-EPCELP
2025-02-15 19:46:49,210 - INFO - Created Classe: CM1-EPCELP
2025-02-15 19:46:49,227 - INFO - Created Classe: CM2-EPCELP
2025-02-15 19:46:49,250 - INFO - Created Classe: CP1-EPPLE
2025-02-15 19:46:49,272 - INFO - Created Classe: CP2-EPPLE
2025-02-15 19:46:49,292 - INFO - Created Classe: CE1-EPPLE
2025-02-15 19:46:49,311 - INFO - Created Classe: CE2-EPPLE
2025-02-15 19:46:49,333 - INFO - Created Classe: CM1-EPPLE
2025-02-15 19:46:49,355 - INFO - Created Classe: CM2-EPPLE
2025-02-15 19:46:49,377 - INFO - Created Classe: CP1-YAMT
2025-02-15 19:46:49,394 - INFO - Created Classe: CP2-YAMT
2025-02-15 19:46:49,412 - INFO - Created Classe: CE1-YAMT
2025-02-15 19:46:49,434 - INFO - Created Classe: CE2-YAMT
2025-02-15 19:46:49,452 - INFO - Created Classe: CM1-YAMT
2025-02-15 19:46:49,467 - INFO - Created Classe: CM2-YAMT
2025-02-15 19:46:49,482 - INFO - Created Classe: CP1-LSB
2025-02-15 19:46:49,494 - INFO - Created Classe: CP2-LSB
2025-02-15 19:46:49,508 - INFO - Created Classe: CE1-LSB
2025-02-15 19:46:49,522 - INFO - Created Classe: CE2-LSB
2025-02-15 19:46:49,537 - INFO - Created Classe: CM1-LSB
2025-02-15 19:46:49,551 - INFO - Created Classe: CM2-LSB
2025-02-15 21:07:59,847 - INFO - Creating Classes...
2025-02-15 21:07:59,869 - INFO - Created Classe: 6me-TBD
2025-02-15 21:07:59,891 - INFO - Created Classe: 5me-TBD
2025-02-15 21:07:59,917 - INFO - Created Classe: 4me-TBD
2025-02-15 21:07:59,935 - INFO - Created Classe: 3me-TBD
2025-02-15 21:07:59,948 - INFO - Created Classe: 2me-TBD
2025-02-15 21:07:59,965 - INFO - Created Classe: 1ere-TBD
2025-02-15 21:07:59,981 - INFO - Created Classe: Term-TBD
2025-02-15 21:07:59,997 - INFO - Created Classe: PS-Nas_Mat
2025-02-15 21:08:00,012 - INFO - Created Classe: MS-Nas_Mat
2025-02-15 21:08:00,028 - INFO - Created Classe: GS-Nas_Mat
2025-02-15 21:08:00,042 - INFO - Created Classe: CP1-Nas_Pri
2025-02-15 21:08:00,055 - INFO - Created Classe: CP2-Nas_Pri
2025-02-15 21:08:00,073 - INFO - Created Classe: CE1-Nas_Pri
2025-02-15 21:08:00,087 - INFO - Created Classe: CE2-Nas_Pri
2025-02-15 21:08:00,099 - INFO - Created Classe: CM1-Nas_Pri
2025-02-15 21:08:00,114 - INFO - Created Classe: CM2-Nas_Pri
2025-02-15 21:08:00,129 - INFO - Created Classe: 6me-LMS
2025-02-15 21:08:00,148 - INFO - Created Classe: 5me-LMS
2025-02-15 21:08:00,166 - INFO - Created Classe: 4me-LMS
2025-02-15 21:08:00,185 - INFO - Created Classe: 3me-LMS
2025-02-15 21:08:00,201 - INFO - Created Classe: 2me-LMS
2025-02-15 21:08:00,218 - INFO - Created Classe: 1ere-LMS
2025-02-15 21:08:00,237 - INFO - Created Classe: Term-LMS
2025-02-15 21:08:00,251 - INFO - Created Classe: 6me-WLM
2025-02-15 21:08:00,270 - INFO - Created Classe: 5me-WLM
2025-02-15 21:08:00,288 - INFO - Created Classe: 4me-WLM
2025-02-15 21:08:00,304 - INFO - Created Classe: 3me-WLM
2025-02-15 21:08:00,321 - INFO - Created Classe: 2me-WLM
2025-02-15 21:08:00,338 - INFO - Created Classe: 1ere-WLM
2025-02-15 21:08:00,357 - INFO - Created Classe: Term-WLM
2025-02-15 21:08:00,374 - INFO - Created Classe: 6me-LPMSBD
2025-02-15 21:08:00,393 - INFO - Created Classe: 5me-LPMSBD
2025-02-15 21:08:00,412 - INFO - Created Classe: 4me-LPMSBD
2025-02-15 21:08:00,430 - INFO - Created Classe: 3me-LPMSBD
2025-02-15 21:08:00,447 - INFO - Created Classe: 2me-LPMSBD
2025-02-15 21:08:00,463 - INFO - Created Classe: 1ere-LPMSBD
2025-02-15 21:08:00,479 - INFO - Created Classe: Term-LPMSBD
2025-02-15 21:08:00,494 - INFO - Created Classe: 6me-WP
2025-02-15 21:08:00,509 - INFO - Created Classe: 5me-WP
2025-02-15 21:08:00,522 - INFO - Created Classe: 4me-WP
2025-02-15 21:08:00,537 - INFO - Created Classe: 3me-WP
2025-02-15 21:08:00,551 - INFO - Created Classe: 2me-WP
2025-02-15 21:08:00,567 - INFO - Created Classe: 1ere-WP
2025-02-15 21:08:00,583 - INFO - Created Classe: Term-WP
2025-02-15 21:08:00,602 - INFO - Created Classe: CP1-EPCELP
2025-02-15 21:08:00,618 - INFO - Created Classe: CP2-EPCELP
2025-02-15 21:08:00,636 - INFO - Created Classe: CE1-EPCELP
2025-02-15 21:08:00,653 - INFO - Created Classe: CE2-EPCELP
2025-02-15 21:08:00,669 - INFO - Created Classe: CM1-EPCELP
2025-02-15 21:08:00,685 - INFO - Created Classe: CM2-EPCELP
2025-02-15 21:08:00,701 - INFO - Created Classe: CP1-EPPLE
2025-02-15 21:08:00,717 - INFO - Created Classe: CP2-EPPLE
2025-02-15 21:08:00,732 - INFO - Created Classe: CE1-EPPLE
2025-02-15 21:08:00,748 - INFO - Created Classe: CE2-EPPLE
2025-02-15 21:08:00,763 - INFO - Created Classe: CM1-EPPLE
2025-02-15 21:08:00,782 - INFO - Created Classe: CM2-EPPLE
2025-02-15 21:08:00,798 - INFO - Created Classe: CP1-YAMT
2025-02-15 21:08:00,814 - INFO - Created Classe: CP2-YAMT
2025-02-15 21:08:00,830 - INFO - Created Classe: CE1-YAMT
2025-02-15 21:08:00,846 - INFO - Created Classe: CE2-YAMT
2025-02-15 21:08:00,861 - INFO - Created Classe: CM1-YAMT
2025-02-15 21:08:00,877 - INFO - Created Classe: CM2-YAMT
2025-02-15 21:08:00,892 - INFO - Created Classe: CP1-LSB
2025-02-15 21:08:00,908 - INFO - Created Classe: CP2-LSB
2025-02-15 21:08:00,923 - INFO - Created Classe: CE1-LSB
2025-02-15 21:08:00,939 - INFO - Created Classe: CE2-LSB
2025-02-15 21:08:00,953 - INFO - Created Classe: CM1-LSB
2025-02-15 21:08:00,970 - INFO - Created Classe: CM2-LSB
2025-02-15 21:16:22,310 - INFO - Creating Classes...
2025-02-15 21:16:22,312 - INFO - Classe already exists: 6me-TBD
2025-02-15 21:16:22,313 - INFO - Classe already exists: 5me-TBD
2025-02-15 21:16:22,314 - INFO - Classe already exists: 4me-TBD
2025-02-15 21:16:22,316 - INFO - Classe already exists: 3me-TBD
2025-02-15 21:16:22,318 - INFO - Classe already exists: 2me-TBD
2025-02-15 21:16:22,320 - INFO - Classe already exists: 1ere-TBD
2025-02-15 21:16:22,322 - INFO - Classe already exists: Term-TBD
2025-02-15 21:16:22,324 - INFO - Classe already exists: PS-Nas_Mat
2025-02-15 21:16:22,325 - INFO - Classe already exists: MS-Nas_Mat
2025-02-15 21:16:22,326 - INFO - Classe already exists: GS-Nas_Mat
2025-02-15 21:16:22,327 - INFO - Classe already exists: CP1-Nas_Pri
2025-02-15 21:16:22,328 - INFO - Classe already exists: CP2-Nas_Pri
2025-02-15 21:16:22,329 - INFO - Classe already exists: CE1-Nas_Pri
2025-02-15 21:16:22,330 - INFO - Classe already exists: CE2-Nas_Pri
2025-02-15 21:16:22,331 - INFO - Classe already exists: CM1-Nas_Pri
2025-02-15 21:16:22,332 - INFO - Classe already exists: CM2-Nas_Pri
2025-02-15 21:16:22,335 - INFO - Classe already exists: 6me-LMS
2025-02-15 21:16:22,337 - INFO - Classe already exists: 5me-LMS
2025-02-15 21:16:22,339 - INFO - Classe already exists: 4me-LMS
2025-02-15 21:16:22,340 - INFO - Classe already exists: 3me-LMS
2025-02-15 21:16:22,341 - INFO - Classe already exists: 2me-LMS
2025-02-15 21:16:22,342 - INFO - Classe already exists: 1ere-LMS
2025-02-15 21:16:22,343 - INFO - Classe already exists: Term-LMS
2025-02-15 21:16:22,345 - INFO - Classe already exists: 6me-WLM
2025-02-15 21:16:22,346 - INFO - Classe already exists: 5me-WLM
2025-02-15 21:16:22,347 - INFO - Classe already exists: 4me-WLM
2025-02-15 21:16:22,348 - INFO - Classe already exists: 3me-WLM
2025-02-15 21:16:22,349 - INFO - Classe already exists: 2me-WLM
2025-02-15 21:16:22,352 - INFO - Classe already exists: 1ere-WLM
2025-02-15 21:16:22,354 - INFO - Classe already exists: Term-WLM
2025-02-15 21:16:22,356 - INFO - Classe already exists: 6me-LPMSBD
2025-02-15 21:16:22,357 - INFO - Classe already exists: 5me-LPMSBD
2025-02-15 21:16:22,359 - INFO - Classe already exists: 4me-LPMSBD
2025-02-15 21:16:22,360 - INFO - Classe already exists: 3me-LPMSBD
2025-02-15 21:16:22,361 - INFO - Classe already exists: 2me-LPMSBD
2025-02-15 21:16:22,362 - INFO - Classe already exists: 1ere-LPMSBD
2025-02-15 21:16:22,363 - INFO - Classe already exists: Term-LPMSBD
2025-02-15 21:16:22,364 - INFO - Classe already exists: 6me-WP
2025-02-15 21:16:22,365 - INFO - Classe already exists: 5me-WP
2025-02-15 21:16:22,368 - INFO - Classe already exists: 4me-WP
2025-02-15 21:16:22,370 - INFO - Classe already exists: 3me-WP
2025-02-15 21:16:22,373 - INFO - Classe already exists: 2me-WP
2025-02-15 21:16:22,375 - INFO - Classe already exists: 1ere-WP
2025-02-15 21:16:22,376 - INFO - Classe already exists: Term-WP
2025-02-15 21:16:22,377 - INFO - Classe already exists: CP1-EPCELP
2025-02-15 21:16:22,378 - INFO - Classe already exists: CP2-EPCELP
2025-02-15 21:16:22,379 - INFO - Classe already exists: CE1-EPCELP
2025-02-15 21:16:22,380 - INFO - Classe already exists: CE2-EPCELP
2025-02-15 21:16:22,381 - INFO - Classe already exists: CM1-EPCELP
2025-02-15 21:16:22,383 - INFO - Classe already exists: CM2-EPCELP
2025-02-15 21:16:22,386 - INFO - Classe already exists: CP1-EPPLE
2025-02-15 21:16:22,387 - INFO - Classe already exists: CP2-EPPLE
2025-02-15 21:16:22,389 - INFO - Classe already exists: CE1-EPPLE
2025-02-15 21:16:22,390 - INFO - Classe already exists: CE2-EPPLE
2025-02-15 21:16:22,391 - INFO - Classe already exists: CM1-EPPLE
2025-02-15 21:16:22,392 - INFO - Classe already exists: CM2-EPPLE
2025-02-15 21:16:22,393 - INFO - Classe already exists: CP1-YAMT
2025-02-15 21:16:22,395 - INFO - Classe already exists: CP2-YAMT
2025-02-15 21:16:22,396 - INFO - Classe already exists: CE1-YAMT
2025-02-15 21:16:22,397 - INFO - Classe already exists: CE2-YAMT
2025-02-15 21:16:22,398 - INFO - Classe already exists: CM1-YAMT
2025-02-15 21:16:22,403 - INFO - Classe already exists: CM2-YAMT
2025-02-15 21:16:22,407 - INFO - Classe already exists: CP1-LSB
2025-02-15 21:16:22,409 - INFO - Classe already exists: CP2-LSB
2025-02-15 21:16:22,411 - INFO - Classe already exists: CE1-LSB
2025-02-15 21:16:22,412 - INFO - Classe already exists: CE2-LSB
2025-02-15 21:16:22,414 - INFO - Classe already exists: CM1-LSB
2025-02-15 21:16:22,416 - INFO - Classe already exists: CM2-LSB
